<?xml version="1.0" encoding="UTF-8"?>
<!-- Generated by org.testng.reporters.JUnitReportReporter -->
<testsuite hostname="LAPTOP-5CK4J9DQ" failures="0" tests="1" name="com.phonelcdparts.loginTest.LoginTest" time="9.067" errors="0" timestamp="2023-12-07T00:40:40 EST" skipped="0">
  <testcase classname="com.phonelcdparts.loginTest.LoginTest" name="loginTest" time="9.067"/>
  <system-out/>
</testsuite> <!-- com.phonelcdparts.loginTest.LoginTest -->
