<?xml version="1.0" encoding="UTF-8"?>
<!-- Generated by org.testng.reporters.JUnitReportReporter -->
<testsuite hostname="LAPTOP-5CK4J9DQ" failures="0" tests="2" name="com.phonelcdparts.loginPages.LoginFuncationalTest" time="3.773" errors="0" timestamp="2023-11-17T02:10:33 EST" skipped="0">
  <testcase classname="com.phonelcdparts.loginPages.LoginFuncationalTest" name="passwordTest" time="2.393"/>
  <system-out/>
  <testcase classname="com.phonelcdparts.loginPages.LoginFuncationalTest" name="userNameTest" time="1.380"/>
  <system-out/>
</testsuite> <!-- com.phonelcdparts.loginPages.LoginFuncationalTest -->
